# JRE version: OpenJDK Runtime Environment Corretto-17.0.15.6.1 (17.0.15+6) (build 17.0.15+6-LTS)
# Java VM: OpenJDK 64-Bit Server VM Corretto-17.0.15.6.1 (17.0.15+6-LTS, mixed mode, sharing, tiered, compressed oops, compressed class ptrs, g1 gc, windows-amd64)
GC Precious Log:
 CPUs: 20 total, 20 available
 Memory: 15995M
 Large Page Support: Disabled
 NUMA Support: Disabled
 Compressed Oops: Enabled (Zero based)
 Heap Region Size: 2M
 Heap Min Capacity: 8M
 Heap Initial Capacity: 250M
 Heap Max Capacity: 4000M
 Pre-touch: Disabled
 Parallel Workers: 15
 Concurrent Workers: 4
 Concurrent Refinement Workers: 15
 Periodic GC: Disabled
Heap:
 garbage-first heap   total 280576K, used 171287K [0x0000000706000000, 0x0000000800000000)
  region size 2048K, 51 young (104448K), 7 survivors (14336K)
 Metaspace       used 91881K, committed 92800K, reserved 1179648K
  class space    used 12721K, committed 13184K, reserved 1048576K
GC Heap History (20 events):
Event: 5.632 GC heap before
{Heap before GC invocations=13 (full 0):
 garbage-first heap   total 69632K, used 49638K [0x0000000706000000, 0x0000000800000000)
  region size 2048K, 13 young (26624K), 2 survivors (4096K)
 Metaspace       used 56717K, committed 57216K, reserved 1114112K
  class space    used 7639K, committed 7872K, reserved 1048576K
}
Event: 5.634 GC heap after
{Heap after GC invocations=14 (full 0):
 garbage-first heap   total 69632K, used 30368K [0x0000000706000000, 0x0000000800000000)
  region size 2048K, 2 young (4096K), 2 survivors (4096K)
 Metaspace       used 56717K, committed 57216K, reserved 1114112K
  class space    used 7639K, committed 7872K, reserved 1048576K
}
Event: 5.748 GC heap before
{Heap before GC invocations=14 (full 0):
 garbage-first heap   total 69632K, used 40608K [0x0000000706000000, 0x0000000800000000)
  region size 2048K, 8 young (16384K), 2 survivors (4096K)
 Metaspace       used 59593K, committed 60096K, reserved 1114112K
  class space    used 8092K, committed 8384K, reserved 1048576K
}
Event: 5.750 GC heap after
{Heap after GC invocations=15 (full 0):
 garbage-first heap   total 108544K, used 30987K [0x0000000706000000, 0x0000000800000000)
  region size 2048K, 1 young (2048K), 1 survivors (2048K)
 Metaspace       used 59593K, committed 60096K, reserved 1114112K
  class space    used 8092K, committed 8384K, reserved 1048576K
}
Event: 6.391 GC heap before
{Heap before GC invocations=16 (full 0):
 garbage-first heap   total 108544K, used 80139K [0x0000000706000000, 0x0000000800000000)
  region size 2048K, 26 young (53248K), 1 survivors (2048K)
 Metaspace       used 66629K, committed 67200K, reserved 1114112K
  class space    used 9127K, committed 9408K, reserved 1048576K
}
Event: 6.396 GC heap after
{Heap after GC invocations=17 (full 0):
 garbage-first heap   total 108544K, used 33624K [0x0000000706000000, 0x0000000800000000)
  region size 2048K, 3 young (6144K), 3 survivors (6144K)
 Metaspace       used 66629K, committed 67200K, reserved 1114112K
  class space    used 9127K, committed 9408K, reserved 1048576K
}
Event: 6.989 GC heap before
{Heap before GC invocations=17 (full 0):
 garbage-first heap   total 108544K, used 82776K [0x0000000706000000, 0x0000000800000000)
  region size 2048K, 27 young (55296K), 3 survivors (6144K)
 Metaspace       used 73004K, committed 73664K, reserved 1114112K
  class space    used 10196K, committed 10496K, reserved 1048576K
}
Event: 6.992 GC heap after
{Heap after GC invocations=18 (full 0):
 garbage-first heap   total 108544K, used 37020K [0x0000000706000000, 0x0000000800000000)
  region size 2048K, 4 young (8192K), 4 survivors (8192K)
 Metaspace       used 73004K, committed 73664K, reserved 1114112K
  class space    used 10196K, committed 10496K, reserved 1048576K
}
Event: 7.147 GC heap before
{Heap before GC invocations=18 (full 0):
 garbage-first heap   total 108544K, used 84124K [0x0000000706000000, 0x0000000800000000)
  region size 2048K, 27 young (55296K), 4 survivors (8192K)
 Metaspace       used 74487K, committed 75072K, reserved 1114112K
  class space    used 10413K, committed 10688K, reserved 1048576K
}
Event: 7.153 GC heap after
{Heap after GC invocations=19 (full 0):
 garbage-first heap   total 108544K, used 50530K [0x0000000706000000, 0x0000000800000000)
  region size 2048K, 4 young (8192K), 4 survivors (8192K)
 Metaspace       used 74487K, committed 75072K, reserved 1114112K
  class space    used 10413K, committed 10688K, reserved 1048576K
}
Event: 7.187 GC heap before
{Heap before GC invocations=19 (full 0):
 garbage-first heap   total 108544K, used 79202K [0x0000000706000000, 0x0000000800000000)
  region size 2048K, 18 young (36864K), 4 survivors (8192K)
 Metaspace       used 74494K, committed 75072K, reserved 1114112K
  class space    used 10413K, committed 10688K, reserved 1048576K
}
Event: 7.192 GC heap after
{Heap after GC invocations=20 (full 0):
 garbage-first heap   total 108544K, used 60513K [0x0000000706000000, 0x0000000800000000)
  region size 2048K, 3 young (6144K), 3 survivors (6144K)
 Metaspace       used 74494K, committed 75072K, reserved 1114112K
  class space    used 10413K, committed 10688K, reserved 1048576K
}
Event: 7.214 GC heap before
{Heap before GC invocations=20 (full 0):
 garbage-first heap   total 108544K, used 80993K [0x0000000706000000, 0x0000000800000000)
  region size 2048K, 13 young (26624K), 3 survivors (6144K)
 Metaspace       used 74494K, committed 75072K, reserved 1114112K
  class space    used 10413K, committed 10688K, reserved 1048576K
}
Event: 7.217 GC heap after
{Heap after GC invocations=21 (full 0):
 garbage-first heap   total 108544K, used 68434K [0x0000000706000000, 0x0000000800000000)
  region size 2048K, 2 young (4096K), 2 survivors (4096K)
 Metaspace       used 74494K, committed 75072K, reserved 1114112K
  class space    used 10413K, committed 10688K, reserved 1048576K
}
Event: 7.241 GC heap before
{Heap before GC invocations=21 (full 0):
 garbage-first heap   total 137216K, used 80722K [0x0000000706000000, 0x0000000800000000)
  region size 2048K, 8 young (16384K), 2 survivors (4096K)
 Metaspace       used 74490K, committed 75072K, reserved 1114112K
  class space    used 10413K, committed 10688K, reserved 1048576K
}
Event: 7.263 GC heap after
{Heap after GC invocations=22 (full 0):
 garbage-first heap   total 280576K, used 72448K [0x0000000706000000, 0x0000000800000000)
  region size 2048K, 1 young (2048K), 1 survivors (2048K)
 Metaspace       used 74490K, committed 75072K, reserved 1114112K
  class space    used 10413K, committed 10688K, reserved 1048576K
}
Event: 7.474 GC heap before
{Heap before GC invocations=23 (full 0):
 garbage-first heap   total 280576K, used 189184K [0x0000000706000000, 0x0000000800000000)
  region size 2048K, 58 young (118784K), 1 survivors (2048K)
 Metaspace       used 74744K, committed 75328K, reserved 1114112K
  class space    used 10466K, committed 10752K, reserved 1048576K
}
Event: 7.477 GC heap after
{Heap after GC invocations=24 (full 0):
 garbage-first heap   total 280576K, used 75052K [0x0000000706000000, 0x0000000800000000)
  region size 2048K, 3 young (6144K), 3 survivors (6144K)
 Metaspace       used 74744K, committed 75328K, reserved 1114112K
  class space    used 10466K, committed 10752K, reserved 1048576K
}
Event: 9.000 GC heap before
{Heap before GC invocations=24 (full 0):
 garbage-first heap   total 280576K, used 216364K [0x0000000706000000, 0x0000000800000000)
  region size 2048K, 72 young (147456K), 3 survivors (6144K)
 Metaspace       used 82877K, committed 83584K, reserved 1179648K
  class space    used 11558K, committed 11904K, reserved 1048576K
}
Event: 9.006 GC heap after
{Heap after GC invocations=25 (full 0):
 garbage-first heap   total 280576K, used 83223K [0x0000000706000000, 0x0000000800000000)
  region size 2048K, 7 young (14336K), 7 survivors (14336K)
 Metaspace       used 82877K, committed 83584K, reserved 1179648K
  class space    used 11558K, committed 11904K, reserved 1048576K
}

