# JRE version: OpenJDK Runtime Environment Corretto-17.0.15.6.1 (17.0.15+6) (build 17.0.15+6-LTS)
# Java VM: OpenJDK 64-Bit Server VM Corretto-17.0.15.6.1 (17.0.15+6-LTS, mixed mode, sharing, tiered, compressed oops, compressed class ptrs, g1 gc, windows-amd64)
GC Precious Log:
 CPUs: 20 total, 20 available
 Memory: 15995M
 Large Page Support: Disabled
 NUMA Support: Disabled
 Compressed Oops: Enabled (Zero based)
 Heap Region Size: 2M
 Heap Min Capacity: 8M
 Heap Initial Capacity: 250M
 Heap Max Capacity: 4000M
 Pre-touch: Disabled
 Parallel Workers: 15
 Concurrent Workers: 4
 Concurrent Refinement Workers: 15
 Periodic GC: Disabled
Heap:
 garbage-first heap   total 69632K, used 33427K [0x0000000706000000, 0x0000000800000000)
  region size 2048K, 3 young (6144K), 2 survivors (4096K)
 Metaspace       used 67320K, committed 67968K, reserved 1114112K
  class space    used 9197K, committed 9472K, reserved 1048576K
GC Heap History (20 events):
Event: 3.497 GC heap before
{Heap before GC invocations=6 (full 0):
 garbage-first heap   total 69632K, used 43043K [0x0000000706000000, 0x0000000800000000)
  region size 2048K, 13 young (26624K), 1 survivors (2048K)
 Metaspace       used 29053K, committed 29440K, reserved 1114112K
  class space    used 3726K, committed 3904K, reserved 1048576K
}
Event: 3.499 GC heap after
{Heap after GC invocations=7 (full 0):
 garbage-first heap   total 69632K, used 19802K [0x0000000706000000, 0x0000000800000000)
  region size 2048K, 1 young (2048K), 1 survivors (2048K)
 Metaspace       used 29053K, committed 29440K, reserved 1114112K
  class space    used 3726K, committed 3904K, reserved 1048576K
}
Event: 3.921 GC heap before
{Heap before GC invocations=7 (full 0):
 garbage-first heap   total 69632K, used 46426K [0x0000000706000000, 0x0000000800000000)
  region size 2048K, 14 young (28672K), 1 survivors (2048K)
 Metaspace       used 32737K, committed 33152K, reserved 1114112K
  class space    used 4256K, committed 4416K, reserved 1048576K
}
Event: 3.923 GC heap after
{Heap after GC invocations=8 (full 0):
 garbage-first heap   total 69632K, used 21892K [0x0000000706000000, 0x0000000800000000)
  region size 2048K, 2 young (4096K), 2 survivors (4096K)
 Metaspace       used 32737K, committed 33152K, reserved 1114112K
  class space    used 4256K, committed 4416K, reserved 1048576K
}
Event: 4.360 GC heap before
{Heap before GC invocations=8 (full 0):
 garbage-first heap   total 69632K, used 34180K [0x0000000706000000, 0x0000000800000000)
  region size 2048K, 9 young (18432K), 2 survivors (4096K)
 Metaspace       used 35666K, committed 36096K, reserved 1114112K
  class space    used 4632K, committed 4864K, reserved 1048576K
}
Event: 4.363 GC heap after
{Heap after GC invocations=9 (full 0):
 garbage-first heap   total 69632K, used 23594K [0x0000000706000000, 0x0000000800000000)
  region size 2048K, 1 young (2048K), 1 survivors (2048K)
 Metaspace       used 35666K, committed 36096K, reserved 1114112K
  class space    used 4632K, committed 4864K, reserved 1048576K
}
Event: 5.109 GC heap before
{Heap before GC invocations=10 (full 0):
 garbage-first heap   total 69632K, used 50218K [0x0000000706000000, 0x0000000800000000)
  region size 2048K, 14 young (28672K), 1 survivors (2048K)
 Metaspace       used 40380K, committed 40832K, reserved 1114112K
  class space    used 5278K, committed 5504K, reserved 1048576K
}
Event: 5.112 GC heap after
{Heap after GC invocations=11 (full 0):
 garbage-first heap   total 69632K, used 25006K [0x0000000706000000, 0x0000000800000000)
  region size 2048K, 2 young (4096K), 2 survivors (4096K)
 Metaspace       used 40380K, committed 40832K, reserved 1114112K
  class space    used 5278K, committed 5504K, reserved 1048576K
}
Event: 5.573 GC heap before
{Heap before GC invocations=11 (full 0):
 garbage-first heap   total 69632K, used 49582K [0x0000000706000000, 0x0000000800000000)
  region size 2048K, 14 young (28672K), 2 survivors (4096K)
 Metaspace       used 46994K, committed 47424K, reserved 1114112K
  class space    used 6254K, committed 6464K, reserved 1048576K
}
Event: 5.576 GC heap after
{Heap after GC invocations=12 (full 0):
 garbage-first heap   total 69632K, used 26539K [0x0000000706000000, 0x0000000800000000)
  region size 2048K, 2 young (4096K), 2 survivors (4096K)
 Metaspace       used 46994K, committed 47424K, reserved 1114112K
  class space    used 6254K, committed 6464K, reserved 1048576K
}
Event: 5.888 GC heap before
{Heap before GC invocations=12 (full 0):
 garbage-first heap   total 69632K, used 51115K [0x0000000706000000, 0x0000000800000000)
  region size 2048K, 14 young (28672K), 2 survivors (4096K)
 Metaspace       used 52043K, committed 52544K, reserved 1114112K
  class space    used 6931K, committed 7168K, reserved 1048576K
}
Event: 5.891 GC heap after
{Heap after GC invocations=13 (full 0):
 garbage-first heap   total 69632K, used 28297K [0x0000000706000000, 0x0000000800000000)
  region size 2048K, 2 young (4096K), 2 survivors (4096K)
 Metaspace       used 52043K, committed 52544K, reserved 1114112K
  class space    used 6931K, committed 7168K, reserved 1048576K
}
Event: 6.166 GC heap before
{Heap before GC invocations=13 (full 0):
 garbage-first heap   total 69632K, used 50825K [0x0000000706000000, 0x0000000800000000)
  region size 2048K, 13 young (26624K), 2 survivors (4096K)
 Metaspace       used 58213K, committed 58752K, reserved 1114112K
  class space    used 7918K, committed 8192K, reserved 1048576K
}
Event: 6.168 GC heap after
{Heap after GC invocations=14 (full 0):
 garbage-first heap   total 69632K, used 29348K [0x0000000706000000, 0x0000000800000000)
  region size 2048K, 2 young (4096K), 2 survivors (4096K)
 Metaspace       used 58213K, committed 58752K, reserved 1114112K
  class space    used 7918K, committed 8192K, reserved 1048576K
}
Event: 6.300 GC heap before
{Heap before GC invocations=14 (full 0):
 garbage-first heap   total 69632K, used 43684K [0x0000000706000000, 0x0000000800000000)
  region size 2048K, 10 young (20480K), 2 survivors (4096K)
 Metaspace       used 59848K, committed 60416K, reserved 1114112K
  class space    used 8143K, committed 8448K, reserved 1048576K
}
Event: 6.302 GC heap after
{Heap after GC invocations=15 (full 0):
 garbage-first heap   total 69632K, used 29794K [0x0000000706000000, 0x0000000800000000)
  region size 2048K, 1 young (2048K), 1 survivors (2048K)
 Metaspace       used 59848K, committed 60416K, reserved 1114112K
  class space    used 8143K, committed 8448K, reserved 1048576K
}
Event: 6.656 GC heap before
{Heap before GC invocations=16 (full 0):
 garbage-first heap   total 69632K, used 54370K [0x0000000706000000, 0x0000000800000000)
  region size 2048K, 13 young (26624K), 1 survivors (2048K)
 Metaspace       used 64626K, committed 65216K, reserved 1114112K
  class space    used 8856K, committed 9152K, reserved 1048576K
}
Event: 6.658 GC heap after
{Heap after GC invocations=17 (full 0):
 garbage-first heap   total 69632K, used 31583K [0x0000000706000000, 0x0000000800000000)
  region size 2048K, 2 young (4096K), 2 survivors (4096K)
 Metaspace       used 64626K, committed 65216K, reserved 1114112K
  class space    used 8856K, committed 9152K, reserved 1048576K
}
Event: 6.931 GC heap before
{Heap before GC invocations=17 (full 0):
 garbage-first heap   total 69632K, used 54111K [0x0000000706000000, 0x0000000800000000)
  region size 2048K, 13 young (26624K), 2 survivors (4096K)
 Metaspace       used 67176K, committed 67840K, reserved 1114112K
  class space    used 9177K, committed 9472K, reserved 1048576K
}
Event: 6.932 GC heap after
{Heap after GC invocations=18 (full 0):
 garbage-first heap   total 69632K, used 33427K [0x0000000706000000, 0x0000000800000000)
  region size 2048K, 2 young (4096K), 2 survivors (4096K)
 Metaspace       used 67176K, committed 67840K, reserved 1114112K
  class space    used 9177K, committed 9472K, reserved 1048576K
}

