# JRE version: OpenJDK Runtime Environment Corretto-17.0.15.6.1 (17.0.15+6) (build 17.0.15+6-LTS)
# Java VM: OpenJDK 64-Bit Server VM Corretto-17.0.15.6.1 (17.0.15+6-LTS, mixed mode, sharing, tiered, compressed oops, compressed class ptrs, g1 gc, windows-amd64)
GC Precious Log:
 CPUs: 20 total, 20 available
 Memory: 15995M
 Large Page Support: Disabled
 NUMA Support: Disabled
 Compressed Oops: Enabled (Zero based)
 Heap Region Size: 2M
 Heap Min Capacity: 8M
 Heap Initial Capacity: 250M
 Heap Max Capacity: 4000M
 Pre-touch: Disabled
 Parallel Workers: 15
 Concurrent Workers: 4
 Concurrent Refinement Workers: 15
 Periodic GC: Disabled
Heap:
 garbage-first heap   total 256000K, used 65432K [0x0000000706000000, 0x0000000800000000)
  region size 2048K, 2 young (4096K), 2 survivors (4096K)
 Metaspace       used 77840K, committed 78464K, reserved 1179648K
  class space    used 10848K, committed 11136K, reserved 1048576K
GC Heap History (20 events):
Event: 8.408 GC heap after
{Heap after GC invocations=15 (full 0):
 garbage-first heap   total 159744K, used 30861K [0x0000000706000000, 0x0000000800000000)
  region size 2048K, 3 young (6144K), 3 survivors (6144K)
 Metaspace       used 59579K, committed 60096K, reserved 1114112K
  class space    used 7966K, committed 8256K, reserved 1048576K
}
Event: 9.243 GC heap before
{Heap before GC invocations=16 (full 0):
 garbage-first heap   total 116736K, used 94349K [0x0000000706000000, 0x0000000800000000)
  region size 2048K, 34 young (69632K), 3 survivors (6144K)
 Metaspace       used 69904K, committed 70528K, reserved 1114112K
  class space    used 9548K, committed 9856K, reserved 1048576K
}
Event: 9.247 GC heap after
{Heap after GC invocations=17 (full 0):
 garbage-first heap   total 116736K, used 33971K [0x0000000706000000, 0x0000000800000000)
  region size 2048K, 4 young (8192K), 4 survivors (8192K)
 Metaspace       used 69904K, committed 70528K, reserved 1114112K
  class space    used 9548K, committed 9856K, reserved 1048576K
}
Event: 9.275 GC heap before
{Heap before GC invocations=17 (full 0):
 garbage-first heap   total 116736K, used 33971K [0x0000000706000000, 0x0000000800000000)
  region size 2048K, 5 young (10240K), 4 survivors (8192K)
 Metaspace       used 70576K, committed 71232K, reserved 1114112K
  class space    used 9610K, committed 9920K, reserved 1048576K
}
Event: 9.278 GC heap after
{Heap after GC invocations=18 (full 0):
 garbage-first heap   total 116736K, used 34749K [0x0000000706000000, 0x0000000800000000)
  region size 2048K, 1 young (2048K), 1 survivors (2048K)
 Metaspace       used 70576K, committed 71232K, reserved 1114112K
  class space    used 9610K, committed 9920K, reserved 1048576K
}
Event: 9.606 GC heap before
{Heap before GC invocations=18 (full 0):
 garbage-first heap   total 116736K, used 87997K [0x0000000706000000, 0x0000000800000000)
  region size 2048K, 27 young (55296K), 1 survivors (2048K)
 Metaspace       used 75081K, committed 75648K, reserved 1114112K
  class space    used 10479K, committed 10752K, reserved 1048576K
}
Event: 9.608 GC heap after
{Heap after GC invocations=19 (full 0):
 garbage-first heap   total 116736K, used 36731K [0x0000000706000000, 0x0000000800000000)
  region size 2048K, 2 young (4096K), 2 survivors (4096K)
 Metaspace       used 75081K, committed 75648K, reserved 1114112K
  class space    used 10479K, committed 10752K, reserved 1048576K
}
Event: 9.846 GC heap before
{Heap before GC invocations=20 (full 0):
 garbage-first heap   total 116736K, used 89979K [0x0000000706000000, 0x0000000800000000)
  region size 2048K, 28 young (57344K), 2 survivors (4096K)
 Metaspace       used 77401K, committed 77952K, reserved 1179648K
  class space    used 10807K, committed 11072K, reserved 1048576K
}
Event: 9.849 GC heap after
{Heap after GC invocations=21 (full 0):
 garbage-first heap   total 116736K, used 38540K [0x0000000706000000, 0x0000000800000000)
  region size 2048K, 3 young (6144K), 3 survivors (6144K)
 Metaspace       used 77401K, committed 77952K, reserved 1179648K
  class space    used 10807K, committed 11072K, reserved 1048576K
}
Event: 9.899 GC heap before
{Heap before GC invocations=21 (full 0):
 garbage-first heap   total 116736K, used 91788K [0x0000000706000000, 0x0000000800000000)
  region size 2048K, 29 young (59392K), 3 survivors (6144K)
 Metaspace       used 77442K, committed 78016K, reserved 1179648K
  class space    used 10811K, committed 11072K, reserved 1048576K
}
Event: 9.904 GC heap after
{Heap after GC invocations=22 (full 0):
 garbage-first heap   total 116736K, used 50707K [0x0000000706000000, 0x0000000800000000)
  region size 2048K, 4 young (8192K), 4 survivors (8192K)
 Metaspace       used 77442K, committed 78016K, reserved 1179648K
  class space    used 10811K, committed 11072K, reserved 1048576K
}
Event: 9.941 GC heap before
{Heap before GC invocations=23 (full 0):
 garbage-first heap   total 116736K, used 85523K [0x0000000706000000, 0x0000000800000000)
  region size 2048K, 21 young (43008K), 4 survivors (8192K)
 Metaspace       used 77442K, committed 78016K, reserved 1179648K
  class space    used 10811K, committed 11072K, reserved 1048576K
}
Event: 9.945 GC heap after
{Heap after GC invocations=24 (full 0):
 garbage-first heap   total 161792K, used 61440K [0x0000000706000000, 0x0000000800000000)
  region size 2048K, 3 young (6144K), 3 survivors (6144K)
 Metaspace       used 77442K, committed 78016K, reserved 1179648K
  class space    used 10811K, committed 11072K, reserved 1048576K
}
Event: 9.947 GC heap before
{Heap before GC invocations=24 (full 0):
 garbage-first heap   total 161792K, used 63488K [0x0000000706000000, 0x0000000800000000)
  region size 2048K, 4 young (8192K), 3 survivors (6144K)
 Metaspace       used 77442K, committed 78016K, reserved 1179648K
  class space    used 10811K, committed 11072K, reserved 1048576K
}
Event: 9.950 GC heap after
{Heap after GC invocations=25 (full 0):
 garbage-first heap   total 161792K, used 63395K [0x0000000706000000, 0x0000000800000000)
  region size 2048K, 1 young (2048K), 1 survivors (2048K)
 Metaspace       used 77442K, committed 78016K, reserved 1179648K
  class space    used 10811K, committed 11072K, reserved 1048576K
}
Event: 9.991 GC heap before
{Heap before GC invocations=25 (full 0):
 garbage-first heap   total 161792K, used 112547K [0x0000000706000000, 0x0000000800000000)
  region size 2048K, 25 young (51200K), 1 survivors (2048K)
 Metaspace       used 77442K, committed 78016K, reserved 1179648K
  class space    used 10811K, committed 11072K, reserved 1048576K
}
Event: 9.993 GC heap after
{Heap after GC invocations=26 (full 0):
 garbage-first heap   total 161792K, used 63952K [0x0000000706000000, 0x0000000800000000)
  region size 2048K, 1 young (2048K), 1 survivors (2048K)
 Metaspace       used 77442K, committed 78016K, reserved 1179648K
  class space    used 10811K, committed 11072K, reserved 1048576K
}
Event: 10.048 GC heap before
{Heap before GC invocations=27 (full 0):
 garbage-first heap   total 161792K, used 117200K [0x0000000706000000, 0x0000000800000000)
  region size 2048K, 27 young (55296K), 1 survivors (2048K)
 Metaspace       used 77442K, committed 78016K, reserved 1179648K
  class space    used 10812K, committed 11072K, reserved 1048576K
}
Event: 10.049 GC heap after
{Heap after GC invocations=28 (full 0):
 garbage-first heap   total 161792K, used 65469K [0x0000000706000000, 0x0000000800000000)
  region size 2048K, 2 young (4096K), 2 survivors (4096K)
 Metaspace       used 77442K, committed 78016K, reserved 1179648K
  class space    used 10812K, committed 11072K, reserved 1048576K
}
Event: 10.146 GC heap before
{Heap before GC invocations=28 (full 0):
 garbage-first heap   total 161792K, used 120765K [0x0000000706000000, 0x0000000800000000)
  region size 2048K, 29 young (59392K), 2 survivors (4096K)
 Metaspace       used 77840K, committed 78464K, reserved 1179648K
  class space    used 10848K, committed 11136K, reserved 1048576K
}

